<?xml version="1.0" encoding="UTF-8"?>
<!-- Generated by org.testng.reporters.JUnitXMLReporter -->
<testsuite hostname="twinwork2" failures="1" tests="21" name="MyTest" time="209.376" errors="0" timestamp="5 Jun 2024 07:22:13 GMT">
  <testcase classname="com.runner.Login_Runner" name="loginUser" time="7.121"/>
  <testcase classname="com.runner.userList_Runner" name="createUser" time="31.415"/>
  <testcase classname="com.runner.userList_Runner" name="createUser" time="31.221"/>
  <testcase classname="com.runner.userList_Runner" name="createUser" time="31.163"/>
  <testcase classname="com.runner.userList_Runner" name="searchCustomer" time="7.627"/>
  <testcase classname="com.runner.userList_Runner" name="searchDatascientist" time="7.639"/>
  <testcase classname="com.runner.userList_Runner" name="searchDeveloper" time="9.863"/>
  <testcase classname="com.runner.userList_Runner" name="deleteCustomer" time="13.323"/>
  <testcase classname="com.runner.userList_Runner" name="deleteDatascientist" time="12.979"/>
  <testcase classname="com.runner.userList_Runner" name="deleteDeveloper" time="15.657"/>
  <testcase classname="com.runner.viewProfile_Runner" name="clickChangePassword" time="2.074"/>
  <testcase classname="com.runner.viewProfile_Runner" name="changePassword" time="2.824"/>
  <testcase classname="com.runner.viewProfile_Runner" name="checkLogin" time="5.712"/>
  <testcase classname="com.runner.viewProfile_Runner" name="logOut" time="3.309"/>
  <testcase classname="com.runner.CustomerLogin_Runner" name="setUp" time="8.465"/>
  <testcase classname="com.runner.CustomerLogin_Runner" name="loginCustomer" time="10.828"/>
  <testcase classname="com.runner.CustomerDashboard_Runner" name="uploadDataset" time="0.092">
    <failure type="org.openqa.selenium.NoSuchElementException" message="no such element: Unable to locate element: {&amp;quot;method&amp;quot;:&amp;quot;xpath&amp;quot;,&amp;quot;selector&amp;quot;:&amp;quot;//div[@class=&amp;apos;file-container&amp;apos;]&amp;quot;}
  (Session info: chrome=125.0.6422.141)
For documentation on this error, please visit: https://www.selenium.dev/documentation/webdriver/troubleshooting/errors#no-such-element-exception
Build info: version: &amp;apos;4.19.1&amp;apos;, revision: &amp;apos;abe0ee07dc&amp;apos;
System info: os.name: &amp;apos;Linux&amp;apos;, os.arch: &amp;apos;amd64&amp;apos;, os.version: &amp;apos;5.15.0-97-generic&amp;apos;, java.version: &amp;apos;17.0.9&amp;apos;
Driver info: org.openqa.selenium.chrome.ChromeDriver
Command: [a0cb8c0e73dab304686efeffb80c9d0a, findElement {value=//div[@class=&amp;apos;file-container&amp;apos;], using=xpath}]
Capabilities {acceptInsecureCerts: false, browserName: chrome, browserVersion: 125.0.6422.141, chrome: {chromedriverVersion: 125.0.6422.141 (4b1e8393712..., userDataDir: /tmp/.org.chromium.Chromium...}, fedcm:accounts: true, goog:chromeOptions: {debuggerAddress: localhost:35611}, networkConnectionEnabled: false, pageLoadStrategy: normal, platformName: linux, proxy: Proxy(), se:cdp: ws://localhost:35611/devtoo..., se:cdpVersion: 125.0.6422.141, setWindowRect: true, strictFileInteractability: false, timeouts: {implicit: 0, pageLoad: 300000, script: 30000}, unhandledPromptBehavior: dismiss and notify, webauthn:extension:credBlob: true, webauthn:extension:largeBlob: true, webauthn:extension:minPinLength: true, webauthn:extension:prf: true, webauthn:virtualAuthenticators: true}
Session ID: a0cb8c0e73dab304686efeffb80c9d0a">
      <![CDATA[org.openqa.selenium.NoSuchElementException: no such element: Unable to locate element: {"method":"xpath","selector":"//div[@class='file-container']"}
  (Session info: chrome=125.0.6422.141)
For documentation on this error, please visit: https://www.selenium.dev/documentation/webdriver/troubleshooting/errors#no-such-element-exception
Build info: version: '4.19.1', revision: 'abe0ee07dc'
System info: os.name: 'Linux', os.arch: 'amd64', os.version: '5.15.0-97-generic', java.version: '17.0.9'
Driver info: org.openqa.selenium.chrome.ChromeDriver
Command: [a0cb8c0e73dab304686efeffb80c9d0a, findElement {value=//div[@class='file-container'], using=xpath}]
Capabilities {acceptInsecureCerts: false, browserName: chrome, browserVersion: 125.0.6422.141, chrome: {chromedriverVersion: 125.0.6422.141 (4b1e8393712..., userDataDir: /tmp/.org.chromium.Chromium...}, fedcm:accounts: true, goog:chromeOptions: {debuggerAddress: localhost:35611}, networkConnectionEnabled: false, pageLoadStrategy: normal, platformName: linux, proxy: Proxy(), se:cdp: ws://localhost:35611/devtoo..., se:cdpVersion: 125.0.6422.141, setWindowRect: true, strictFileInteractability: false, timeouts: {implicit: 0, pageLoad: 300000, script: 30000}, unhandledPromptBehavior: dismiss and notify, webauthn:extension:credBlob: true, webauthn:extension:largeBlob: true, webauthn:extension:minPinLength: true, webauthn:extension:prf: true, webauthn:virtualAuthenticators: true}
Session ID: a0cb8c0e73dab304686efeffb80c9d0a
	at org.openqa.selenium.remote.ErrorCodec.decode(ErrorCodec.java:167)
	at org.openqa.selenium.remote.codec.w3c.W3CHttpResponseCodec.decode(W3CHttpResponseCodec.java:138)
	at org.openqa.selenium.remote.codec.w3c.W3CHttpResponseCodec.decode(W3CHttpResponseCodec.java:50)
	at org.openqa.selenium.remote.HttpCommandExecutor.execute(HttpCommandExecutor.java:190)
	at org.openqa.selenium.remote.service.DriverCommandExecutor.invokeExecute(DriverCommandExecutor.java:216)
	at org.openqa.selenium.remote.service.DriverCommandExecutor.execute(DriverCommandExecutor.java:174)
	at org.openqa.selenium.remote.RemoteWebDriver.execute(RemoteWebDriver.java:518)
	at org.openqa.selenium.remote.ElementLocation$ElementFinder$2.findElement(ElementLocation.java:165)
	at org.openqa.selenium.remote.ElementLocation.findElement(ElementLocation.java:59)
	at org.openqa.selenium.remote.RemoteWebDriver.findElement(RemoteWebDriver.java:355)
	at org.openqa.selenium.remote.RemoteWebDriver.findElement(RemoteWebDriver.java:349)
	at org.openqa.selenium.support.pagefactory.DefaultElementLocator.findElement(DefaultElementLocator.java:68)
	at org.openqa.selenium.support.pagefactory.internal.LocatingElementHandler.invoke(LocatingElementHandler.java:38)
	at jdk.proxy2/jdk.proxy2.$Proxy11.click(Unknown Source)
	at com.utils.BaseClass_Element_Methods.click(BaseClass_Element_Methods.java:14)
	at com.runner.CustomerDashboard_Runner.uploadDataset(CustomerDashboard_Runner.java:27)
... Removed 33 stack frames]]>
    </failure>
  </testcase> <!-- uploadDataset -->
  <testcase classname="com.runner.Customer_View_Profile_Runner" name="clickChangeCustomerPassword" time="0.0">
    <skipped/>
  </testcase> <!-- clickChangeCustomerPassword -->
  <testcase classname="com.runner.Customer_View_Profile_Runner" name="changeCustomerPassword" time="0.0">
    <skipped/>
  </testcase> <!-- changeCustomerPassword -->
  <testcase classname="com.runner.Customer_View_Profile_Runner" name="checkCustomerLogin" time="0.0">
    <skipped/>
  </testcase> <!-- checkCustomerLogin -->
  <testcase classname="com.runner.Customer_View_Profile_Runner" name="logOut" time="0.0">
    <skipped/>
  </testcase> <!-- logOut -->
</testsuite> <!-- MyTest -->
